
> kanjilens@0.1.0 build
> next build

   ▲ Next.js 16.0.10 (Turbopack)
   - Environments: .env.local

 ⚠ The "middleware" file convention is deprecated. Please use "proxy" instead. Learn more: https://nextjs.org/docs/messages/middleware-to-proxy
   Creating an optimized production build ...
 ✓ Compiled successfully in 6.3s
   Running TypeScript ...
   Collecting page data using 15 workers ...
   Generating static pages using 15 workers (0/10) ...
 ⨯ useSearchParams() should be wrapped in a suspense boundary at page "/auth/auth-code-error". Read more: https://nextjs.org/docs/messages/missing-suspense-with-csr-bailout
    at S (C:\Users\ASUS\Documents\GitHub\kanjilens\.next\server\chunks\ssr\node_modules_next_15323350._.js:2:2111)
    at p (C:\Users\ASUS\Documents\GitHub\kanjilens\.next\server\chunks\ssr\node_modules_next_15323350._.js:4:4847)
    at f (C:\Users\ASUS\Documents\GitHub\kanjilens\.next\server\chunks\ssr\[root-of-the-server]__74461801._.js:1:3426)
    at ar (C:\Users\ASUS\Documents\GitHub\kanjilens\node_modules\next\dist\compiled\next-server\app-page-turbo.runtime.prod.js:2:84366)
    at aa (C:\Users\ASUS\Documents\GitHub\kanjilens\node_modules\next\dist\compiled\next-server\app-page-turbo.runtime.prod.js:2:86185)
    at as (C:\Users\ASUS\Documents\GitHub\kanjilens\node_modules\next\dist\compiled\next-server\app-page-turbo.runtime.prod.js:2:107952)
    at ao (C:\Users\ASUS\Documents\GitHub\kanjilens\node_modules\next\dist\compiled\next-server\app-page-turbo.runtime.prod.js:2:105374)
    at an (C:\Users\ASUS\Documents\GitHub\kanjilens\node_modules\next\dist\compiled\next-server\app-page-turbo.runtime.prod.js:2:84718)
    at aa (C:\Users\ASUS\Documents\GitHub\kanjilens\node_modules\next\dist\compiled\next-server\app-page-turbo.runtime.prod.js:2:86234)
    at aa (C:\Users\ASUS\Documents\GitHub\kanjilens\node_modules\next\dist\compiled\next-server\app-page-turbo.runtime.prod.js:2:104714)
Error occurred prerendering page "/auth/auth-code-error". Read more: https://nextjs.org/docs/messages/prerender-error
Export encountered an error on /auth/auth-code-error/page: /auth/auth-code-error, exiting the build.
 ⨯ Next.js build worker exited with code: 1 and signal: null
